#! /usr/bin/vvp
:ivl_version "10.1 (stable)" "(v10_1)";
:ivl_delay_selection "TYPICAL";
:vpi_time_precision + 0;
:vpi_module "system";
:vpi_module "vhdl_sys";
:vpi_module "v2005_math";
:vpi_module "va_math";
S_0x564d415c7f40 .scope module, "pc" "pc" 2 1;
 .timescale 0 0;
    .port_info 0 /INPUT 1 "PCEn"
    .port_info 1 /INPUT 32 "nextPc"
    .port_info 2 /INPUT 1 "clk"
    .port_info 3 /OUTPUT 32 "newPc"
o0x7fefcc4c8018 .functor BUFZ 1, C4<z>; HiZ drive
v0x564d415c8170_0 .net "PCEn", 0 0, o0x7fefcc4c8018;  0 drivers
o0x7fefcc4c8048 .functor BUFZ 1, C4<z>; HiZ drive
v0x564d415e8250_0 .net "clk", 0 0, o0x7fefcc4c8048;  0 drivers
v0x564d415e8310_0 .var "newPc", 31 0;
o0x7fefcc4c80a8 .functor BUFZ 32, C4<zzzzzzzzzzzzzzzzzzzzzzzzzzzzzzzz>; HiZ drive
v0x564d415e8400_0 .net "nextPc", 31 0, o0x7fefcc4c80a8;  0 drivers
E_0x564d415c64f0 .event posedge, v0x564d415e8250_0;
    .scope S_0x564d415c7f40;
T_0 ;
    %wait E_0x564d415c64f0;
    %load/vec4 v0x564d415c8170_0;
    %flag_set/vec4 8;
    %jmp/0xz  T_0.0, 8;
    %load/vec4 v0x564d415e8400_0;
    %assign/vec4 v0x564d415e8310_0, 0;
    %jmp T_0.1;
T_0.0 ;
    %pushi/vec4 0, 4294967295, 32;
    %assign/vec4 v0x564d415e8310_0, 0;
T_0.1 ;
    %jmp T_0;
    .thread T_0;
# The file index is used to find the file name in the following table.
:file_names 3;
    "N/A";
    "<interactive>";
    "pc.v";
