Release 14.7 - xst P.20131013 (nt64)
Copyright (c) 1995-2013 Xilinx, Inc.  All rights reserved.
--> Parameter TMPDIR set to xst/projnav.tmp


Total REAL time to Xst completion: 0.00 secs
Total CPU time to Xst completion: 0.07 secs
 
--> Parameter xsthdpdir set to xst


Total REAL time to Xst completion: 0.00 secs
Total CPU time to Xst completion: 0.07 secs
 
--> Reading design: DataPath.prj

TABLE OF CONTENTS
  1) Synthesis Options Summary
  2) HDL Parsing
  3) HDL Elaboration
  4) HDL Synthesis
       4.1) HDL Synthesis Report
  5) Advanced HDL Synthesis
       5.1) Advanced HDL Synthesis Report
  6) Low Level Synthesis
  7) Partition Report
  8) Design Summary
       8.1) Primitive and Black Box Usage
       8.2) Device utilization summary
       8.3) Partition Resource Summary
       8.4) Timing Report
            8.4.1) Clock Information
            8.4.2) Asynchronous Control Signals Information
            8.4.3) Timing Summary
            8.4.4) Timing Details
            8.4.5) Cross Clock Domains Report


=========================================================================
*                      Synthesis Options Summary                        *
=========================================================================
---- Source Parameters
Input File Name                    : "DataPath.prj"
Ignore Synthesis Constraint File   : NO

---- Target Parameters
Output File Name                   : "DataPath"
Output Format                      : NGC
Target Device                      : xc7a100t-3-csg324

---- Source Options
Top Module Name                    : DataPath
Automatic FSM Extraction           : YES
FSM Encoding Algorithm             : Auto
Safe Implementation                : No
FSM Style                          : LUT
RAM Extraction                     : Yes
RAM Style                          : Auto
ROM Extraction                     : Yes
Shift Register Extraction          : YES
ROM Style                          : Auto
Resource Sharing                   : YES
Asynchronous To Synchronous        : NO
Shift Register Minimum Size        : 2
Use DSP Block                      : Auto
Automatic Register Balancing       : No

---- Target Options
LUT Combining                      : Auto
Reduce Control Sets                : Auto
Add IO Buffers                     : YES
Global Maximum Fanout              : 100000
Add Generic Clock Buffer(BUFG)     : 32
Register Duplication               : YES
Optimize Instantiated Primitives   : NO
Use Clock Enable                   : Auto
Use Synchronous Set                : Auto
Use Synchronous Reset              : Auto
Pack IO Registers into IOBs        : Auto
Equivalent register Removal        : YES

---- General Options
Optimization Goal                  : Speed
Optimization Effort                : 1
Power Reduction                    : NO
Keep Hierarchy                     : No
Netlist Hierarchy                  : As_Optimized
RTL Output                         : Yes
Global Optimization                : AllClockNets
Read Cores                         : YES
Write Timing Constraints           : NO
Cross Clock Analysis               : NO
Hierarchy Separator                : /
Bus Delimiter                      : <>
Case Specifier                     : Maintain
Slice Utilization Ratio            : 100
BRAM Utilization Ratio             : 100
DSP48 Utilization Ratio            : 100
Auto BRAM Packing                  : NO
Slice Utilization Ratio Delta      : 5

=========================================================================


=========================================================================
*                          HDL Parsing                                  *
=========================================================================
Analyzing Verilog file "C:\Users\Aria\Desktop\arch_project\MIPSproject\WriteData.v" into library work
Parsing module <WriteData>.
Analyzing Verilog file "C:\Users\Aria\Desktop\arch_project\MIPSproject\SrcBMux.v" into library work
Parsing module <SrcBMux>.
Analyzing Verilog file "C:\Users\Aria\Desktop\arch_project\MIPSproject\SrcAMux.v" into library work
Parsing module <SrcAMux>.
Analyzing Verilog file "C:\Users\Aria\Desktop\arch_project\MIPSproject\SignEx.v" into library work
Parsing module <SignEx>.
Analyzing Verilog file "C:\Users\Aria\Desktop\arch_project\MIPSproject\RegfileOut.v" into library work
Parsing module <RegfileOut>.
Analyzing Verilog file "C:\Users\Aria\Desktop\arch_project\MIPSproject\Regfile.v" into library work
Parsing module <Regfile>.
Analyzing Verilog file "C:\Users\Aria\Desktop\arch_project\MIPSproject\RegDstMux.v" into library work
Parsing module <RegDstMux>.
Analyzing Verilog file "C:\Users\Aria\Desktop\arch_project\MIPSproject\PC.v" into library work
Parsing module <PC>.
Analyzing Verilog file "C:\Users\Aria\Desktop\arch_project\MIPSproject\MemtoRegMux.v" into library work
Parsing module <MemtoRegMux>.
Analyzing Verilog file "C:\Users\Aria\Desktop\arch_project\MIPSproject\Memory.v" into library work
Parsing module <Memory>.
Analyzing Verilog file "C:\Users\Aria\Desktop\arch_project\MIPSproject\MemMux.v" into library work
Parsing module <MemMux>.
Analyzing Verilog file "C:\Users\Aria\Desktop\arch_project\MIPSproject\IR.v" into library work
Parsing module <IR>.
Analyzing Verilog file "C:\Users\Aria\Desktop\arch_project\MIPSproject\Initializer.v" into library work
Parsing module <Initializer>.
Analyzing Verilog file "C:\Users\Aria\Desktop\arch_project\MIPSproject\Controller.v" into library work
Parsing module <Controller>.
Analyzing Verilog file "C:\Users\Aria\Desktop\arch_project\MIPSproject\ALUOutMux.v" into library work
Parsing module <ALUOutMux>.
Analyzing Verilog file "C:\Users\Aria\Desktop\arch_project\MIPSproject\ALUout.v" into library work
Parsing module <ALUout>.
Analyzing Verilog file "C:\Users\Aria\Desktop\arch_project\MIPSproject\ALUcontrol.v" into library work
Parsing module <ALUcontrol>.
Analyzing Verilog file "C:\Users\Aria\Desktop\arch_project\MIPSproject\ALU.v" into library work
Parsing module <ALU>.
Analyzing Verilog file "C:\Users\Aria\Desktop\arch_project\MIPSproject\DataPath.v" into library work
Parsing module <DataPath>.

=========================================================================
*                            HDL Elaboration                            *
=========================================================================

Elaborating module <DataPath>.

Elaborating module <Initializer>.

Elaborating module <PC>.

Elaborating module <MemMux>.

Elaborating module <Memory>.

Elaborating module <IR>.

Elaborating module <WriteData>.

Elaborating module <Controller>.

Elaborating module <RegDstMux>.

Elaborating module <MemtoRegMux>.

Elaborating module <Regfile>.

Elaborating module <SignEx>.

Elaborating module <RegfileOut>.
WARNING:HDLCompiler:91 - "C:\Users\Aria\Desktop\arch_project\MIPSproject\RegfileOut.v" Line 29: Signal <A> missing in the sensitivity list is added for synthesis purposes. HDL and post-synthesis simulations may differ as a result.
WARNING:HDLCompiler:91 - "C:\Users\Aria\Desktop\arch_project\MIPSproject\RegfileOut.v" Line 30: Signal <B> missing in the sensitivity list is added for synthesis purposes. HDL and post-synthesis simulations may differ as a result.

Elaborating module <SrcAMux>.

Elaborating module <SrcBMux>.

Elaborating module <ALUcontrol>.
WARNING:HDLCompiler:91 - "C:\Users\Aria\Desktop\arch_project\MIPSproject\ALUcontrol.v" Line 69: Signal <opcode> missing in the sensitivity list is added for synthesis purposes. HDL and post-synthesis simulations may differ as a result.
WARNING:HDLCompiler:91 - "C:\Users\Aria\Desktop\arch_project\MIPSproject\ALUcontrol.v" Line 73: Signal <opcode> missing in the sensitivity list is added for synthesis purposes. HDL and post-synthesis simulations may differ as a result.
WARNING:HDLCompiler:91 - "C:\Users\Aria\Desktop\arch_project\MIPSproject\ALUcontrol.v" Line 77: Signal <opcode> missing in the sensitivity list is added for synthesis purposes. HDL and post-synthesis simulations may differ as a result.
WARNING:HDLCompiler:91 - "C:\Users\Aria\Desktop\arch_project\MIPSproject\ALUcontrol.v" Line 81: Signal <opcode> missing in the sensitivity list is added for synthesis purposes. HDL and post-synthesis simulations may differ as a result.

Elaborating module <ALU>.

Elaborating module <ALUout>.

Elaborating module <ALUOutMux>.
WARNING:Xst:2972 - "C:\Users\Aria\Desktop\arch_project\MIPSproject\DataPath.v" line 65. All outputs of instance <Initializer1> of block <Initializer> are unconnected in block <DataPath>. Underlying logic will be removed.
WARNING:Xst:2972 - "C:\Users\Aria\Desktop\arch_project\MIPSproject\DataPath.v" line 73. All outputs of instance <PC1> of block <PC> are unconnected in block <DataPath>. Underlying logic will be removed.
WARNING:Xst:2972 - "C:\Users\Aria\Desktop\arch_project\MIPSproject\DataPath.v" line 81. All outputs of instance <MemMux1> of block <MemMux> are unconnected in block <DataPath>. Underlying logic will be removed.
WARNING:Xst:2972 - "C:\Users\Aria\Desktop\arch_project\MIPSproject\DataPath.v" line 89. All outputs of instance <Memory1> of block <Memory> are unconnected in block <DataPath>. Underlying logic will be removed.
WARNING:Xst:2972 - "C:\Users\Aria\Desktop\arch_project\MIPSproject\DataPath.v" line 97. All outputs of instance <IR1> of block <IR> are unconnected in block <DataPath>. Underlying logic will be removed.
WARNING:Xst:2972 - "C:\Users\Aria\Desktop\arch_project\MIPSproject\DataPath.v" line 104. All outputs of instance <WriteData1> of block <WriteData> are unconnected in block <DataPath>. Underlying logic will be removed.
WARNING:Xst:2972 - "C:\Users\Aria\Desktop\arch_project\MIPSproject\DataPath.v" line 111. All outputs of instance <Controller1> of block <Controller> are unconnected in block <DataPath>. Underlying logic will be removed.
WARNING:Xst:2972 - "C:\Users\Aria\Desktop\arch_project\MIPSproject\DataPath.v" line 130. All outputs of instance <RegDstMux1> of block <RegDstMux> are unconnected in block <DataPath>. Underlying logic will be removed.
WARNING:Xst:2972 - "C:\Users\Aria\Desktop\arch_project\MIPSproject\DataPath.v" line 138. All outputs of instance <MemtoRegMux1> of block <MemtoRegMux> are unconnected in block <DataPath>. Underlying logic will be removed.
WARNING:Xst:2972 - "C:\Users\Aria\Desktop\arch_project\MIPSproject\DataPath.v" line 146. All outputs of instance <Regfile1> of block <Regfile> are unconnected in block <DataPath>. Underlying logic will be removed.
WARNING:Xst:2972 - "C:\Users\Aria\Desktop\arch_project\MIPSproject\DataPath.v" line 159. All outputs of instance <SignEx1> of block <SignEx> are unconnected in block <DataPath>. Underlying logic will be removed.
WARNING:Xst:2972 - "C:\Users\Aria\Desktop\arch_project\MIPSproject\DataPath.v" line 166. All outputs of instance <RegfileOut1> of block <RegfileOut> are unconnected in block <DataPath>. Underlying logic will be removed.
WARNING:Xst:2972 - "C:\Users\Aria\Desktop\arch_project\MIPSproject\DataPath.v" line 175. All outputs of instance <SrcAMux1> of block <SrcAMux> are unconnected in block <DataPath>. Underlying logic will be removed.
WARNING:Xst:2972 - "C:\Users\Aria\Desktop\arch_project\MIPSproject\DataPath.v" line 183. All outputs of instance <SrcBMux2> of block <SrcBMux> are unconnected in block <DataPath>. Underlying logic will be removed.
WARNING:Xst:2972 - "C:\Users\Aria\Desktop\arch_project\MIPSproject\DataPath.v" line 192. All outputs of instance <ALUcontrol1> of block <ALUcontrol> are unconnected in block <DataPath>. Underlying logic will be removed.
WARNING:Xst:2972 - "C:\Users\Aria\Desktop\arch_project\MIPSproject\DataPath.v" line 202. All outputs of instance <ALU1> of block <ALU> are unconnected in block <DataPath>. Underlying logic will be removed.
WARNING:Xst:2972 - "C:\Users\Aria\Desktop\arch_project\MIPSproject\DataPath.v" line 211. All outputs of instance <ALUout1> of block <ALUout> are unconnected in block <DataPath>. Underlying logic will be removed.
WARNING:Xst:2972 - "C:\Users\Aria\Desktop\arch_project\MIPSproject\DataPath.v" line 218. All outputs of instance <ALUOutMux1> of block <ALUOutMux> are unconnected in block <DataPath>. Underlying logic will be removed.

=========================================================================
*                           HDL Synthesis                               *
=========================================================================

Synthesizing Unit <DataPath>.
    Related source file is "C:\Users\Aria\Desktop\arch_project\MIPSproject\DataPath.v".
    Summary:
	no macro.
Unit <DataPath> synthesized.

=========================================================================
HDL Synthesis Report

Found no macro
=========================================================================

=========================================================================
*                       Advanced HDL Synthesis                          *
=========================================================================


=========================================================================
Advanced HDL Synthesis Report

Found no macro
=========================================================================

=========================================================================
*                         Low Level Synthesis                           *
=========================================================================

Optimizing unit <DataPath> ...

Mapping all equations...
Building and optimizing final netlist ...
Found area constraint ratio of 100 (+ 5) on block DataPath, actual ratio is 0.

Final Macro Processing ...

=========================================================================
Final Register Report

Found no macro
=========================================================================

=========================================================================
*                           Partition Report                            *
=========================================================================

Partition Implementation Status
-------------------------------

  No Partitions were found in this design.

-------------------------------

=========================================================================
*                            Design Summary                             *
=========================================================================

Top Level Output File Name         : DataPath.ngc

Primitive and Black Box Usage:
------------------------------

Device utilization summary:
---------------------------

Selected Device : 7a100tcsg324-3 


Slice Logic Utilization: 

Slice Logic Distribution: 
 Number of LUT Flip Flop pairs used:      0
   Number with an unused Flip Flop:       0  out of      0         
   Number with an unused LUT:             0  out of      0         
   Number of fully used LUT-FF pairs:     0  out of      0         
   Number of unique control sets:         0

IO Utilization: 
 Number of IOs:                           2
 Number of bonded IOBs:                   0  out of    210     0%  

Specific Feature Utilization:

---------------------------
Partition Resource Summary:
---------------------------

  No Partitions were found in this design.

---------------------------


=========================================================================
Timing Report

NOTE: THESE TIMING NUMBERS ARE ONLY A SYNTHESIS ESTIMATE.
      FOR ACCURATE TIMING INFORMATION PLEASE REFER TO THE TRACE REPORT
      GENERATED AFTER PLACE-and-ROUTE.

Clock Information:
------------------
No clock signals found in this design

Asynchronous Control Signals Information:
----------------------------------------
No asynchronous control signals found in this design

Timing Summary:
---------------
Speed Grade: -3

   Minimum period: No path found
   Minimum input arrival time before clock: No path found
   Maximum output required time after clock: No path found
   Maximum combinational path delay: No path found

Timing Details:
---------------
All values displayed in nanoseconds (ns)

=========================================================================

Cross Clock Domains Report:
--------------------------

=========================================================================


Total REAL time to Xst completion: 10.00 secs
Total CPU time to Xst completion: 10.05 secs
 
--> 

Total memory usage is 466668 kilobytes

Number of errors   :    0 (   0 filtered)
Number of warnings :   24 (   0 filtered)
Number of infos    :    0 (   0 filtered)

